<?xml version="1.0" encoding="UTF-8"?>
  <testsuite name="ClusterLoaderV2" tests="0" failures="0" errors="0" time="21.258">
      <testcase name="test overall (/config/config.yaml)" classname="ClusterLoaderV2" time="21.255824134"></testcase>
      <testcase name="test: [step: 01] Start measurements [00] - PodStartupLatency" classname="ClusterLoaderV2" time="0.107097667"></testcase>
      <testcase name="test: [step: 01] Start measurements [01] - WaitForControlledPodsRunning" classname="ClusterLoaderV2" time="0.207792334"></testcase>
      <testcase name="test: [step: 02] Create deployment" classname="ClusterLoaderV2" time="1.002522292"></testcase>
      <testcase name="test: [step: 03] Wait for pods to be running [00] - WaitForControlledPodsRunning" classname="ClusterLoaderV2" time="5.019929418"></testcase>
      <testcase name="test: [step: 04] Measure pod startup latency [00] - PodStartupLatency" classname="ClusterLoaderV2" time="0.006121292"></testcase>
  </testsuite>